<?xml version="1.0" encoding="UTF-8"?>
<testsuite xmlns:xsi="http://www.w3.org/2001/XMLSchema-instance" xsi:noNamespaceSchemaLocation="https://maven.apache.org/surefire/maven-surefire-plugin/xsd/surefire-test-report-3.0.xsd" version="3.0" name="com.example.companyRegister.CompanyRegisterApplicationTests" time="7.847" tests="1" errors="0" skipped="0" failures="0">
  <properties>
[...]
</properties>
  <testcase name="contextLoads" classname="com.example.companyRegister.CompanyRegisterApplicationTests" time="0.732">
    <system-out><![CDATA[22:05:05.271 [main] INFO org.springframework.test.context.support.AnnotationConfigContextLoaderUtils -- Could not detect default configuration classes for test class [com.example.companyRegister.CompanyRegisterApplicationTests]: CompanyRegisterApplicationTests does not declare any static, non-private, non-final, nested classes annotated with @Configuration.
22:05:05.377 [main] INFO org.springframework.boot.test.context.SpringBootTestContextBootstrapper -- Found @SpringBootConfiguration com.example.companyRegister.CompanyRegisterApplication for test class com.example.companyRegister.CompanyRegisterApplicationTests

  .   ____          _            __ _ _
 /\\ / ___'_ __ _ _(_)_ __  __ _ \ \ \ \
( ( )\___ | '_ | '_| | '_ \/ _` | \ \ \ \
 \\/  ___)| |_)| | | | | || (_| |  ) ) ) )
  '  |____| .__|_| |_|_| |_\__, | / / / /
 =========|_|==============|___/=/_/_/_/
 :: Spring Boot ::                (v3.1.4)

2023-10-14T22:05:05.825+02:00  INFO 132374 --- [           main] c.e.c.CompanyRegisterApplicationTests    : Starting CompanyRegisterApplicationTests using Java 17.0.8 with PID 132374 (started by dean in /home/dean/Desktop/CODE/Interview/mavenRegister)
2023-10-14T22:05:05.827+02:00  INFO 132374 --- [           main] c.e.c.CompanyRegisterApplicationTests    : No active profile set, falling back to 1 default profile: "default"
2023-10-14T22:05:06.831+02:00  INFO 132374 --- [           main] .s.d.r.c.RepositoryConfigurationDelegate : Bootstrapping Spring Data JPA repositories in DEFAULT mode.
2023-10-14T22:05:06.951+02:00  INFO 132374 --- [           main] .s.d.r.c.RepositoryConfigurationDelegate : Finished Spring Data repository scanning in 111 ms. Found 3 JPA repository interfaces.
2023-10-14T22:05:07.884+02:00  INFO 132374 --- [           main] o.hibernate.jpa.internal.util.LogHelper  : HHH000204: Processing PersistenceUnitInfo [name: default]
2023-10-14T22:05:07.977+02:00  INFO 132374 --- [           main] org.hibernate.Version                    : HHH000412: Hibernate ORM core version 6.2.9.Final
2023-10-14T22:05:07.982+02:00  INFO 132374 --- [           main] org.hibernate.cfg.Environment            : HHH000406: Using bytecode reflection optimizer
2023-10-14T22:05:08.199+02:00  INFO 132374 --- [           main] o.h.b.i.BytecodeProviderInitiator        : HHH000021: Bytecode provider name : bytebuddy
2023-10-14T22:05:08.460+02:00  INFO 132374 --- [           main] o.s.o.j.p.SpringPersistenceUnitInfo      : No LoadTimeWeaver setup: ignoring JPA class transformer
2023-10-14T22:05:08.495+02:00  INFO 132374 --- [           main] com.zaxxer.hikari.HikariDataSource       : HikariPool-1 - Starting...
2023-10-14T22:05:08.733+02:00  INFO 132374 --- [           main] com.zaxxer.hikari.pool.HikariPool        : HikariPool-1 - Added connection org.mariadb.jdbc.Connection@d6b532f
2023-10-14T22:05:08.736+02:00  INFO 132374 --- [           main] com.zaxxer.hikari.HikariDataSource       : HikariPool-1 - Start completed.
2023-10-14T22:05:09.174+02:00  INFO 132374 --- [           main] o.h.b.i.BytecodeProviderInitiator        : HHH000021: Bytecode provider name : bytebuddy
2023-10-14T22:05:09.995+02:00  INFO 132374 --- [           main] o.h.e.t.j.p.i.JtaPlatformInitiator       : HHH000490: Using JtaPlatform implementation: [org.hibernate.engine.transaction.jta.platform.internal.NoJtaPlatform]
2023-10-14T22:05:10.041+02:00  INFO 132374 --- [           main] j.LocalContainerEntityManagerFactoryBean : Initialized JPA EntityManagerFactory for persistence unit 'default'
2023-10-14T22:05:11.104+02:00  WARN 132374 --- [           main] JpaBaseConfiguration$JpaWebConfiguration : spring.jpa.open-in-view is enabled by default. Therefore, database queries may be performed during view rendering. Explicitly configure spring.jpa.open-in-view to disable this warning
2023-10-14T22:05:11.607+02:00  INFO 132374 --- [           main] o.s.s.web.DefaultSecurityFilterChain     : Will secure any request with [org.springframework.security.web.session.DisableEncodeUrlFilter@3c5cb013, org.springframework.security.web.context.request.async.WebAsyncManagerIntegrationFilter@5f69462f, org.springframework.security.web.context.SecurityContextHolderFilter@502b9399, org.springframework.security.web.header.HeaderWriterFilter@4c4be9d8, org.springframework.web.filter.CorsFilter@432b883, org.springframework.security.web.authentication.logout.LogoutFilter@4af6839c, org.springframework.security.web.savedrequest.RequestCacheAwareFilter@e23af91, org.springframework.security.web.servletapi.SecurityContextHolderAwareRequestFilter@396ec737, org.springframework.security.web.authentication.AnonymousAuthenticationFilter@f09c282, org.springframework.security.web.access.ExceptionTranslationFilter@1e041848, org.springframework.security.web.access.intercept.FilterSecurityInterceptor@598ff2b3]
2023-10-14T22:05:12.172+02:00  INFO 132374 --- [           main] c.e.c.CompanyRegisterApplicationTests    : Started CompanyRegisterApplicationTests in 6.636 seconds (process running for 7.643)
]]></system-out>
  </testcase>
</testsuite>